<?xml version="1.0" encoding="UTF-8"?>
<!-- Generated by org.testng.reporters.JUnitReportReporter -->
<testsuite hostname="DESKTOP-F3LNGEQ" failures="0" tests="1" name="CoreJavapkg.com.PS1" time="0.031" errors="0" timestamp="2024-01-13T13:32:11 IST" skipped="0">
  <testcase classname="CoreJavapkg.com.PS1" name="TestRun" time="0.031"/>
</testsuite> <!-- CoreJavapkg.com.PS1 -->
