<?xml version="1.0" encoding="UTF-8"?>
<!-- Generated by org.testng.reporters.JUnitReportReporter -->
<testsuite hostname="DESKTOP-F3LNGEQ" failures="0" tests="3" name="ExcelDataDrivenTesting.DataDrivenExcel" time="0.027" errors="0" timestamp="2024-01-29T15:28:20 IST" skipped="0">
  <testcase classname="ExcelDataDrivenTesting.DataDrivenExcel" name="TestCaseData" time="0.006"/>
  <system-out/>
  <testcase classname="ExcelDataDrivenTesting.DataDrivenExcel" name="TestCaseData" time="0.015"/>
  <system-out/>
  <testcase classname="ExcelDataDrivenTesting.DataDrivenExcel" name="TestCaseData" time="0.006"/>
  <system-out/>
</testsuite> <!-- ExcelDataDrivenTesting.DataDrivenExcel -->
